# JRE version: Java(TM) SE Runtime Environment (22.0.2+9) (build 22.0.2+9-70)
# Java VM: Java HotSpot(TM) 64-Bit Server VM (22.0.2+9-70, mixed mode, emulated-client, sharing, tiered, compressed oops, compressed class ptrs, g1 gc, windows-amd64)
GC Precious Log:
 CardTable entry size: 512
 Card Set container configuration: InlinePtr #cards 4 size 8 Array Of Cards #cards 16 size 48 Howl #buckets 8 coarsen threshold 3686 Howl Bitmap #cards 512 size 80 coarsen threshold 460 Card regions per heap region 1 cards per card region 4096
 CPUs: 12 total, 12 available
 Memory: 16037M
 Large Page Support: Disabled
 NUMA Support: Disabled
 Compressed Oops: Enabled (Zero based)
 Heap Region Size: 2M
 Heap Min Capacity: 8M
 Heap Initial Capacity: 252M
 Heap Max Capacity: 4010M
 Pre-touch: Disabled
 Parallel Workers: 10
 Concurrent Workers: 3
 Concurrent Refinement Workers: 10
 Periodic GC: Disabled
Heap:
 garbage-first heap   total reserved 4106240K, committed 114688K, used 66838K [0x0000000705600000, 0x0000000800000000)
  region size 2048K, 15 young (30720K), 1 survivors (2048K)
 Metaspace       used 75381K, committed 76160K, reserved 1114112K
  class space    used 11162K, committed 11520K, reserved 1048576K
GC Heap History (20 events):
Event: 105735.643 GC heap before
{Heap before GC invocations=62 (full 0):
 garbage-first heap   total reserved 4106240K, committed 114688K, used 92342K [0x0000000705600000, 0x0000000800000000)
  region size 2048K, 25 young (51200K), 4 survivors (8192K)
 Metaspace       used 75303K, committed 76160K, reserved 1114112K
  class space    used 11146K, committed 11520K, reserved 1048576K
}
Event: 105735.646 GC heap after
{Heap after GC invocations=63 (full 0):
 garbage-first heap   total reserved 4106240K, committed 114688K, used 54263K [0x0000000705600000, 0x0000000800000000)
  region size 2048K, 4 young (8192K), 4 survivors (8192K)
 Metaspace       used 75303K, committed 76160K, reserved 1114112K
  class space    used 11146K, committed 11520K, reserved 1048576K
}
Event: 113867.336 GC heap before
{Heap before GC invocations=63 (full 0):
 garbage-first heap   total reserved 4106240K, committed 114688K, used 95223K [0x0000000705600000, 0x0000000800000000)
  region size 2048K, 25 young (51200K), 4 survivors (8192K)
 Metaspace       used 75304K, committed 76160K, reserved 1114112K
  class space    used 11147K, committed 11520K, reserved 1048576K
}
Event: 113867.391 GC heap after
{Heap after GC invocations=64 (full 0):
 garbage-first heap   total reserved 4106240K, committed 114688K, used 45195K [0x0000000705600000, 0x0000000800000000)
  region size 2048K, 1 young (2048K), 1 survivors (2048K)
 Metaspace       used 75304K, committed 76160K, reserved 1114112K
  class space    used 11147K, committed 11520K, reserved 1048576K
}
Event: 136919.342 GC heap before
{Heap before GC invocations=64 (full 0):
 garbage-first heap   total reserved 4106240K, committed 114688K, used 100491K [0x0000000705600000, 0x0000000800000000)
  region size 2048K, 28 young (57344K), 1 survivors (2048K)
 Metaspace       used 75306K, committed 76160K, reserved 1114112K
  class space    used 11147K, committed 11520K, reserved 1048576K
}
Event: 136919.352 GC heap after
{Heap after GC invocations=65 (full 0):
 garbage-first heap   total reserved 4106240K, committed 114688K, used 45236K [0x0000000705600000, 0x0000000800000000)
  region size 2048K, 1 young (2048K), 1 survivors (2048K)
 Metaspace       used 75306K, committed 76160K, reserved 1114112K
  class space    used 11147K, committed 11520K, reserved 1048576K
}
Event: 159898.848 GC heap before
{Heap before GC invocations=66 (full 0):
 garbage-first heap   total reserved 4106240K, committed 114688K, used 102580K [0x0000000705600000, 0x0000000800000000)
  region size 2048K, 29 young (59392K), 1 survivors (2048K)
 Metaspace       used 75300K, committed 76160K, reserved 1114112K
  class space    used 11146K, committed 11520K, reserved 1048576K
}
Event: 159898.853 GC heap after
{Heap after GC invocations=67 (full 0):
 garbage-first heap   total reserved 4106240K, committed 114688K, used 45216K [0x0000000705600000, 0x0000000800000000)
  region size 2048K, 1 young (2048K), 1 survivors (2048K)
 Metaspace       used 75300K, committed 76160K, reserved 1114112K
  class space    used 11146K, committed 11520K, reserved 1048576K
}
Event: 181354.272 GC heap before
{Heap before GC invocations=67 (full 0):
 garbage-first heap   total reserved 4106240K, committed 114688K, used 102560K [0x0000000705600000, 0x0000000800000000)
  region size 2048K, 29 young (59392K), 1 survivors (2048K)
 Metaspace       used 75300K, committed 76160K, reserved 1114112K
  class space    used 11146K, committed 11520K, reserved 1048576K
}
Event: 181354.295 GC heap after
{Heap after GC invocations=68 (full 0):
 garbage-first heap   total reserved 4106240K, committed 114688K, used 41805K [0x0000000705600000, 0x0000000800000000)
  region size 2048K, 1 young (2048K), 1 survivors (2048K)
 Metaspace       used 75300K, committed 76160K, reserved 1114112K
  class space    used 11146K, committed 11520K, reserved 1048576K
}
Event: 202594.821 GC heap before
{Heap before GC invocations=68 (full 0):
 garbage-first heap   total reserved 4106240K, committed 114688K, used 101197K [0x0000000705600000, 0x0000000800000000)
  region size 2048K, 30 young (61440K), 1 survivors (2048K)
 Metaspace       used 75300K, committed 76160K, reserved 1114112K
  class space    used 11146K, committed 11520K, reserved 1048576K
}
Event: 202594.855 GC heap after
{Heap after GC invocations=69 (full 0):
 garbage-first heap   total reserved 4106240K, committed 114688K, used 41900K [0x0000000705600000, 0x0000000800000000)
  region size 2048K, 1 young (2048K), 1 survivors (2048K)
 Metaspace       used 75300K, committed 76160K, reserved 1114112K
  class space    used 11146K, committed 11520K, reserved 1048576K
}
Event: 220589.672 GC heap before
{Heap before GC invocations=70 (full 0):
 garbage-first heap   total reserved 4106240K, committed 114688K, used 101292K [0x0000000705600000, 0x0000000800000000)
  region size 2048K, 30 young (61440K), 1 survivors (2048K)
 Metaspace       used 75328K, committed 76160K, reserved 1114112K
  class space    used 11149K, committed 11520K, reserved 1048576K
}
Event: 220589.675 GC heap after
{Heap after GC invocations=71 (full 0):
 garbage-first heap   total reserved 4106240K, committed 114688K, used 41856K [0x0000000705600000, 0x0000000800000000)
  region size 2048K, 1 young (2048K), 1 survivors (2048K)
 Metaspace       used 75328K, committed 76160K, reserved 1114112K
  class space    used 11149K, committed 11520K, reserved 1048576K
}
Event: 240000.234 GC heap before
{Heap before GC invocations=71 (full 0):
 garbage-first heap   total reserved 4106240K, committed 114688K, used 101248K [0x0000000705600000, 0x0000000800000000)
  region size 2048K, 30 young (61440K), 1 survivors (2048K)
 Metaspace       used 75328K, committed 76160K, reserved 1114112K
  class space    used 11149K, committed 11520K, reserved 1048576K
}
Event: 240000.253 GC heap after
{Heap after GC invocations=72 (full 0):
 garbage-first heap   total reserved 4106240K, committed 114688K, used 40743K [0x0000000705600000, 0x0000000800000000)
  region size 2048K, 1 young (2048K), 1 survivors (2048K)
 Metaspace       used 75328K, committed 76160K, reserved 1114112K
  class space    used 11149K, committed 11520K, reserved 1048576K
}
Event: 260848.358 GC heap before
{Heap before GC invocations=72 (full 0):
 garbage-first heap   total reserved 4106240K, committed 114688K, used 102183K [0x0000000705600000, 0x0000000800000000)
  region size 2048K, 31 young (63488K), 1 survivors (2048K)
 Metaspace       used 75344K, committed 76160K, reserved 1114112K
  class space    used 11152K, committed 11520K, reserved 1048576K
}
Event: 260848.413 GC heap after
{Heap after GC invocations=73 (full 0):
 garbage-first heap   total reserved 4106240K, committed 114688K, used 40289K [0x0000000705600000, 0x0000000800000000)
  region size 2048K, 1 young (2048K), 1 survivors (2048K)
 Metaspace       used 75344K, committed 76160K, reserved 1114112K
  class space    used 11152K, committed 11520K, reserved 1048576K
}
Event: 285551.741 GC heap before
{Heap before GC invocations=74 (full 0):
 garbage-first heap   total reserved 4106240K, committed 114688K, used 101729K [0x0000000705600000, 0x0000000800000000)
  region size 2048K, 31 young (63488K), 1 survivors (2048K)
 Metaspace       used 75344K, committed 76160K, reserved 1114112K
  class space    used 11152K, committed 11520K, reserved 1048576K
}
Event: 285551.792 GC heap after
{Heap after GC invocations=75 (full 0):
 garbage-first heap   total reserved 4106240K, committed 114688K, used 40214K [0x0000000705600000, 0x0000000800000000)
  region size 2048K, 1 young (2048K), 1 survivors (2048K)
 Metaspace       used 75344K, committed 76160K, reserved 1114112K
  class space    used 11152K, committed 11520K, reserved 1048576K
}

